<?xml version="1.0" encoding="UTF-8"?>
<!-- Generated by org.testng.reporters.JUnitXMLReporter -->
<testsuite ignored="0" hostname="DESKTOP-ROIRK3H" failures="0" tests="2" name="Default test" time="179.662" errors="0" timestamp="2023-08-16T07:39:10 IST">
  <testcase classname="vtiger.ContactsTest.CreateContactWithOrganizationTests" name="createContactWithOrg" time="55.427"/>
  <testcase classname="vtiger.ContactsTest.CreateContactWithOrganizationTests" name="demotest" time="0.005"/>
</testsuite> <!-- Default test -->
