<?xml version="1.0" encoding="UTF-8"?>
<!-- Generated by org.testng.reporters.JUnitXMLReporter -->
<testsuite ignored="0" hostname="DESKTOP-ROIRK3H" failures="0" tests="2" name="Test Runner-Chrome" time="34.245" errors="0" timestamp="2023-07-28T11:59:56 IST">
  <testcase classname="vtiger.OrganizationsTests.CreateOrganizationWithIndustryTest" name="createOrgWithIndustryTest" time="12.981"/>
  <testcase classname="vtiger.OrganizationsTests.CreateOrganizationWithIndustryTest" name="demotest" time="0.001"/>
</testsuite> <!-- Test Runner-Chrome -->
