<?xml version="1.0" encoding="UTF-8"?>
<!-- Generated by org.testng.reporters.JUnitXMLReporter -->
<testsuite ignored="0" hostname="DESKTOP-ROIRK3H" failures="1" tests="2" name="Test" time="89.116" errors="0" timestamp="2023-08-03T04:36:23 IST">
  <testcase classname="vtiger.ContactsTest.CreateContactWithOrganizationTests" name="createContactWithOrg" time="51.924"/>
  <testcase classname="vtiger.ContactsTest.CreateContactWithOrganizationTests" name="demotest" time="0.006">
    <failure type="java.lang.AssertionError" message="null">
      <![CDATA[java.lang.AssertionError: null
at vtiger.ContactsTest.CreateContactWithOrganizationTests.demotest(CreateContactWithOrganizationTests.java:122)
at java.base/java.util.ArrayList.forEach(ArrayList.java:1511)
... Removed 29 stack frames]]>
    </failure>
  </testcase> <!-- demotest -->
</testsuite> <!-- Test -->
