<?xml version="1.0" encoding="UTF-8"?>
<!-- Generated by org.testng.reporters.JUnitXMLReporter -->
<testsuite ignored="0" hostname="DESKTOP-ROIRK3H" failures="0" tests="2" name="Test Runner-Chrome" time="6.138" errors="0" timestamp="2023-08-18T09:03:14 IST">
  <testcase classname="vtiger.OrganizationsTests.CreateOrganizationWithIndustryTest" name="createOrgWithIndustryTest" time="0.0">
    <skipped/>
  </testcase> <!-- createOrgWithIndustryTest -->
  <testcase classname="vtiger.OrganizationsTests.CreateOrganizationWithIndustryTest" name="demotest12" time="0.001">
    <skipped/>
  </testcase> <!-- demotest12 -->
</testsuite> <!-- Test Runner-Chrome -->
