<?xml version="1.0" encoding="UTF-8"?>
<!-- Generated by org.testng.reporters.JUnitXMLReporter -->
<testsuite ignored="0" hostname="DESKTOP-ROIRK3H" failures="0" tests="2" name="Test Runner 2" time="0.842" errors="0" timestamp="2023-07-31T17:01:17 IST">
  <testcase classname="vtiger.OrganizationsTests.CreateOrganizationWithIndustryTest" name="createOrgWithIndustryTest" time="0.0">
    <skipped/>
  </testcase> <!-- createOrgWithIndustryTest -->
  <testcase classname="vtiger.OrganizationsTests.CreateOrganizationWithIndustryTest" name="demotest" time="0.0">
    <skipped/>
  </testcase> <!-- demotest -->
</testsuite> <!-- Test Runner 2 -->
